{
  "stats": {
    "suites": 1,
    "tests": 1,
    "passes": 1,
    "pending": 0,
    "failures": 0,
    "start": "2021-10-28T09:15:32.340Z",
    "end": "2021-10-28T09:17:15.495Z",
    "duration": 103155,
    "testsRegistered": 1,
    "passPercent": 100,
    "pendingPercent": 0,
    "other": 0,
    "hasOther": false,
    "skipped": 0,
    "hasSkipped": false
  },
  "results": [
    {
      "uuid": "d879ca68-73c4-4d8a-b760-f9e6115984b5",
      "title": "",
      "fullFile": "cypress/integration/tests/BlogDataCreationAndVerifyTest.js",
      "file": "cypress/integration/tests/BlogDataCreationAndVerifyTest.js",
      "beforeHooks": [],
      "afterHooks": [],
      "tests": [],
      "suites": [
        {
          "uuid": "0703385e-d19e-4d21-be02-993af809e9ff",
          "title": "Test Suite - BlogDataCreationAndVerify",
          "fullFile": "",
          "file": "",
          "beforeHooks": [],
          "afterHooks": [],
          "tests": [
            {
              "title": "Test Case - BlogDataCreationAndVerifyTest",
              "fullTitle": "Test Suite - BlogDataCreationAndVerify Test Case - BlogDataCreationAndVerifyTest",
              "timedOut": null,
              "duration": 93235,
              "state": "passed",
              "speed": "slow",
              "pass": true,
              "fail": false,
              "pending": false,
              "context": null,
              "code": "cy.login_WordPress(this.data.username, this.data.password);\ncy.NavigateToNewPost_WordPress();\ncy.CreateHeaderPost_WordPress();\ncy.CreateDescribtionPost_WordPress();\ncy.VerifyHeaderPost_WordPress();\ncy.VerifyDatePost_WordPress();\ncy.VerifyBulletDescribtionPost_WordPress();",
              "err": {},
              "uuid": "4a9a8f6f-1268-4298-b5fe-6ee8f118dad2",
              "parentUUID": "0703385e-d19e-4d21-be02-993af809e9ff",
              "isHook": false,
              "skipped": false
            }
          ],
          "suites": [],
          "passes": [
            "4a9a8f6f-1268-4298-b5fe-6ee8f118dad2"
          ],
          "failures": [],
          "pending": [],
          "skipped": [],
          "duration": 93235,
          "root": false,
          "rootEmpty": false,
          "_timeout": 2000
        }
      ],
      "passes": [],
      "failures": [],
      "pending": [],
      "skipped": [],
      "duration": 0,
      "root": true,
      "rootEmpty": true,
      "_timeout": 2000
    }
  ],
  "meta": {
    "mocha": {
      "version": "7.0.1"
    },
    "mochawesome": {
      "options": {
        "quiet": false,
        "reportFilename": "report",
        "saveHtml": true,
        "saveJson": true,
        "consoleReporter": "spec",
        "useInlineDiffs": false,
        "code": true
      },
      "version": "6.3.1"
    },
    "marge": {
      "options": {
        "reportDir": "cypress/reports",
        "reportFilename": "report",
        "overwrite": true,
        "html": true,
        "json": true,
        "charts": true
      },
      "version": "5.2.0"
    }
  }
}